<?xml version="1.0" encoding="UTF-8"?>
<testsuite xmlns:xsi="http://www.w3.org/2001/XMLSchema-instance" xsi:noNamespaceSchemaLocation="https://maven.apache.org/surefire/maven-surefire-plugin/xsd/surefire-test-report-3.0.xsd" version="3.0" name="TestSuite" time="46.514" tests="1" errors="0" skipped="0" failures="0">
  <properties>
[...]
</properties>
  <testcase name="webDataToExcel" classname="com.busyqa.selenium.finalexam.FinalExam" time="37.768">
    <system-out><![CDATA[[2025-02-16 17:02:159] [WARN] Configuration - Detected a static method [com.busyqa.selenium.finalexam.FinalExam.beforeClass()]. Static configuration methods can cause unexpected behavior.
[2025-02-16 17:02:167] [WARN] Configuration - Detected a static method [com.busyqa.selenium.finalexam.FinalExam.afterClass()]. Static configuration methods can cause unexpected behavior.
[2025-02-16 17:02:189] [INFO] WebDriverManager - Using chromedriver 132.0.6834.159 (resolved driver for Chrome 132)
[2025-02-16 17:02:218] [INFO] WebDriverManager - Exporting webdriver.chrome.driver as C:\WINDOWS\system32\config\systemprofile\.cache\selenium\chromedriver\win64\132.0.6834.159\chromedriver.exe
[2025-02-16 17:02:304] [INFO] LoggerUtility - Switched to English version.
Absolute path is:C:\Users\Acer\eclipse-workspace\selenium.finalexam\.\Reports\NameLink\NameLink0.45937839712302053.png
The size of links:=>5
[2025-02-16 17:02:398] [INFO] LoggerUtility - Switched to iframe.
Absolute path is:C:\Users\Acer\eclipse-workspace\selenium.finalexam\.\Reports\Argenteuil\Argenteuil0.26651012625376913.png
[2025-02-16 17:02:150] [INFO] LoggerUtility - Switched back to Default Content.
[2025-02-16 17:02:260] [INFO] LoggerUtility - Switched to iframe.
Absolute path is:C:\Users\Acer\eclipse-workspace\selenium.finalexam\.\Reports\Cloridorme\Cloridorme0.8230331010912632.png
[2025-02-16 17:02:968] [INFO] LoggerUtility - Switched back to Default Content.
[2025-02-16 17:02:226] [INFO] LoggerUtility - Switched to iframe.
Absolute path is:C:\Users\Acer\eclipse-workspace\selenium.finalexam\.\Reports\Forestville\Forestville0.7235639258057456.png
[2025-02-16 17:02:745] [INFO] LoggerUtility - Switched back to Default Content.
[2025-02-16 17:02:759] [INFO] LoggerUtility - Switched to iframe.
Absolute path is:C:\Users\Acer\eclipse-workspace\selenium.finalexam\.\Reports\Maria-Chapdelaine\Maria-Chapdelaine0.9632809227349522.png
[2025-02-16 17:02:334] [INFO] LoggerUtility - Switched back to Default Content.
[2025-02-16 17:02:317] [INFO] LoggerUtility - Switched to iframe.
Absolute path is:C:\Users\Acer\eclipse-workspace\selenium.finalexam\.\Reports\Saint-Pierre-Baptiste\Saint-Pierre-Baptiste0.31058035873728185.png
[2025-02-16 17:02:993] [INFO] LoggerUtility - Switched back to Default Content.
Absolute path is:C:\Users\Acer\eclipse-workspace\selenium.finalexam\.\Reports\NameLink\NameLink0.7631892955273611.png
The size of links:=>3
[2025-02-16 17:02:363] [INFO] LoggerUtility - Switched to iframe.
Absolute path is:C:\Users\Acer\eclipse-workspace\selenium.finalexam\.\Reports\Léry\Léry0.07818611250540641.png
[2025-02-16 17:02:151] [INFO] LoggerUtility - Switched back to Default Content.
[2025-02-16 17:02:259] [INFO] LoggerUtility - Switched to iframe.
Absolute path is:C:\Users\Acer\eclipse-workspace\selenium.finalexam\.\Reports\Saint-François-de-la-Rivière-du\Saint-François-de-la-Rivière-du0.4862457473636489.png
[2025-02-16 17:02:952] [INFO] LoggerUtility - Switched back to Default Content.
[2025-02-16 17:02:32] [INFO] LoggerUtility - Switched to iframe.
Absolute path is:C:\Users\Acer\eclipse-workspace\selenium.finalexam\.\Reports\Saint-Rémi\Saint-Rémi0.23682407730155153.png
[2025-02-16 17:02:521] [INFO] LoggerUtility - Switched back to Default Content.
Absolute path is:C:\Users\Acer\eclipse-workspace\selenium.finalexam\.\Reports\NameLink\NameLink0.9655983216430507.png
The size of links:=>3
[2025-02-16 17:02:652] [INFO] LoggerUtility - Switched to iframe.
Absolute path is:C:\Users\Acer\eclipse-workspace\selenium.finalexam\.\Reports\Régie de collecte environnement\Régie de collecte environnement0.8319808220795513.png
[2025-02-16 17:02:78] [INFO] LoggerUtility - Switched back to Default Content.
[2025-02-16 17:02:171] [INFO] LoggerUtility - Switched to iframe.
Absolute path is:C:\Users\Acer\eclipse-workspace\selenium.finalexam\.\Reports\Sainte-Brigitte-des-Saults\Sainte-Brigitte-des-Saults0.7944504167091558.png
[2025-02-16 17:02:649] [INFO] LoggerUtility - Switched back to Default Content.
[2025-02-16 17:02:738] [INFO] LoggerUtility - Switched to iframe.
Absolute path is:C:\Users\Acer\eclipse-workspace\selenium.finalexam\.\Reports\Saint-Mathias-sur-Richelieu\Saint-Mathias-sur-Richelieu0.5897405859644256.png
[2025-02-16 17:02:269] [INFO] LoggerUtility - Switched back to Default Content.
Absolute path is:C:\Users\Acer\eclipse-workspace\selenium.finalexam\.\Reports\NameLink\NameLink0.2799735781906342.png
The size of links:=>2
[2025-02-16 17:02:383] [INFO] LoggerUtility - Switched to iframe.
Absolute path is:C:\Users\Acer\eclipse-workspace\selenium.finalexam\.\Reports\Nicolet\Nicolet0.13185208036790907.png
[2025-02-16 17:02:892] [INFO] LoggerUtility - Switched back to Default Content.
[2025-02-16 17:02:890] [INFO] LoggerUtility - Switched to iframe.
Absolute path is:C:\Users\Acer\eclipse-workspace\selenium.finalexam\.\Reports\Régie d'assainissement des Cote\Régie d'assainissement des Cote0.4929304319097201.png
[2025-02-16 17:02:432] [INFO] LoggerUtility - Switched back to Default Content.
Absolute path is:C:\Users\Acer\eclipse-workspace\selenium.finalexam\.\Reports\NameLink\NameLink0.3512040009571349.png
The size of links:=>7
[2025-02-16 17:02:616] [INFO] LoggerUtility - Switched to iframe.
Absolute path is:C:\Users\Acer\eclipse-workspace\selenium.finalexam\.\Reports\Inukjuak\Inukjuak0.6500488513790238.png
[2025-02-16 17:02:146] [INFO] LoggerUtility - Switched back to Default Content.
[2025-02-16 17:02:191] [INFO] LoggerUtility - Switched to iframe.
Absolute path is:C:\Users\Acer\eclipse-workspace\selenium.finalexam\.\Reports\Namur\Namur0.16387104243621708.png
[2025-02-16 17:02:712] [INFO] LoggerUtility - Switched back to Default Content.
[2025-02-16 17:02:742] [INFO] LoggerUtility - Switched to iframe.
Absolute path is:C:\Users\Acer\eclipse-workspace\selenium.finalexam\.\Reports\Notre-Dame-de-Ham\Notre-Dame-de-Ham0.4007880029824664.png
[2025-02-16 17:02:346] [INFO] LoggerUtility - Switched back to Default Content.
[2025-02-16 17:02:560] [INFO] LoggerUtility - Switched to iframe.
Absolute path is:C:\Users\Acer\eclipse-workspace\selenium.finalexam\.\Reports\Saint-Alban\Saint-Alban0.5590049923945268.png
[2025-02-16 17:02:183] [INFO] LoggerUtility - Switched back to Default Content.
[2025-02-16 17:02:244] [INFO] LoggerUtility - Switched to iframe.
Absolute path is:C:\Users\Acer\eclipse-workspace\selenium.finalexam\.\Reports\Sainte-Cécile-de-Milton\Sainte-Cécile-de-Milton0.7148350866513362.png
[2025-02-16 17:02:736] [INFO] LoggerUtility - Switched back to Default Content.
[2025-02-16 17:02:954] [INFO] LoggerUtility - Switched to iframe.
Absolute path is:C:\Users\Acer\eclipse-workspace\selenium.finalexam\.\Reports\Saint-Urbain\Saint-Urbain0.1897180716932143.png
[2025-02-16 17:02:456] [INFO] LoggerUtility - Switched back to Default Content.
[2025-02-16 17:02:506] [INFO] LoggerUtility - Switched to iframe.
Absolute path is:C:\Users\Acer\eclipse-workspace\selenium.finalexam\.\Reports\Stoneham-et-Tewkesbury\Stoneham-et-Tewkesbury0.8574469938842569.png
[2025-02-16 17:02:13] [INFO] LoggerUtility - Switched back to Default Content.
Excel file written successfully!
]]></system-out>
  </testcase>
</testsuite>