<?xml version="1.0" encoding="UTF-8"?>
<testng-results ignored="0" total="1" passed="1" failed="0" skipped="0">
  <reporter-output>
  </reporter-output>
  <suite started-at="2025-02-16T17:35:01 MST" name="Default suite" finished-at="2025-02-16T17:35:59 MST" duration-ms="58208">
    <groups>
    </groups>
    <test started-at="2025-02-16T17:35:01 MST" name="Default test" finished-at="2025-02-16T17:35:59 MST" duration-ms="58208">
      <class name="com.busyqa.selenium.finalexam.FinalExam">
        <test-method is-config="true" signature="beforeSuite()[pri:0, instance:com.busyqa.selenium.finalexam.FinalExam@6d868997]" started-at="2025-02-16T17:35:00 MST" name="beforeSuite" finished-at="2025-02-16T17:35:01 MST" duration-ms="450" status="PASS">
          <reporter-output>
          </reporter-output>
        </test-method> <!-- beforeSuite -->
        <test-method is-config="true" signature="beforeClass()[pri:0, instance:com.busyqa.selenium.finalexam.FinalExam@6d868997]" started-at="2025-02-16T17:35:01 MST" name="beforeClass" finished-at="2025-02-16T17:35:06 MST" duration-ms="5274" status="PASS">
          <reporter-output>
          </reporter-output>
        </test-method> <!-- beforeClass -->
        <test-method signature="webDataToExcel()[pri:0, instance:com.busyqa.selenium.finalexam.FinalExam@6d868997]" started-at="2025-02-16T17:35:06 MST" name="webDataToExcel" finished-at="2025-02-16T17:35:58 MST" duration-ms="51816" status="PASS">
          <reporter-output>
          </reporter-output>
        </test-method> <!-- webDataToExcel -->
        <test-method is-config="true" signature="afterClass()[pri:0, instance:com.busyqa.selenium.finalexam.FinalExam@6d868997]" started-at="2025-02-16T17:35:58 MST" name="afterClass" finished-at="2025-02-16T17:35:59 MST" duration-ms="1006" status="PASS">
          <reporter-output>
          </reporter-output>
        </test-method> <!-- afterClass -->
        <test-method is-config="true" signature="afterSuite()[pri:0, instance:com.busyqa.selenium.finalexam.FinalExam@6d868997]" started-at="2025-02-16T17:35:59 MST" name="afterSuite" finished-at="2025-02-16T17:36:00 MST" duration-ms="1281" status="PASS">
          <reporter-output>
          </reporter-output>
        </test-method> <!-- afterSuite -->
      </class> <!-- com.busyqa.selenium.finalexam.FinalExam -->
    </test> <!-- Default test -->
  </suite> <!-- Default suite -->
</testng-results>
